Base path: /Applications/Unity/Unity.app/Contents
Pipe name: \\.\pipe\UnityShaderCompiler-64bit-1-1916441344
Cmd: getPlatforms
Cmd: preprocess
  insize=2919 outsize=2080 ok=1
Cmd: compileSnippet
  api=0 type=0 insize=7888 outsize=4017 kw=DIRECTIONAL SHADOWS_OFF LIGHTMAP_OFF DIRLIGHTMAP_OFF DYNAMICLIGHTMAP_OFF ok=1
Cmd: compileSnippet
  api=0 type=1 insize=7888 outsize=6 kw=DIRECTIONAL SHADOWS_OFF LIGHTMAP_OFF DIRLIGHTMAP_OFF DYNAMICLIGHTMAP_OFF ok=1
Cmd: compileSnippet
  api=0 type=0 insize=5191 outsize=3351 kw=POINT ok=1
Cmd: compileSnippet
  api=0 type=1 insize=5191 outsize=6 kw=POINT ok=1
Cmd: compileSnippet
  api=0 type=0 insize=4492 outsize=3664 kw= ok=1
Cmd: compileSnippet
  api=0 type=1 insize=4492 outsize=6 kw= ok=1
Cmd: compileSnippet
  api=0 type=0 insize=7604 outsize=2737 kw=DIRECTIONAL SHADOWS_OFF LIGHTMAP_OFF DIRLIGHTMAP_OFF DYNAMICLIGHTMAP_OFF ok=1
Cmd: compileSnippet
  api=0 type=1 insize=7604 outsize=6 kw=DIRECTIONAL SHADOWS_OFF LIGHTMAP_OFF DIRLIGHTMAP_OFF DYNAMICLIGHTMAP_OFF ok=1
Cmd: compileSnippet
  api=0 type=0 insize=4298 outsize=2200 kw=POINT ok=1
Cmd: compileSnippet
  api=0 type=1 insize=4298 outsize=6 kw=POINT ok=1
Cmd: compileSnippet
  api=0 type=0 insize=3638 outsize=2261 kw= ok=1
Cmd: compileSnippet
  api=0 type=1 insize=3638 outsize=6 kw= ok=1
Cmd: preprocess
  insize=2263 outsize=2680 ok=1
Cmd: compileSnippet
  api=0 type=0 insize=7990 outsize=4146 kw=DIRECTIONAL SHADOWS_OFF LIGHTMAP_OFF DIRLIGHTMAP_OFF DYNAMICLIGHTMAP_OFF ok=1
Cmd: compileSnippet
  api=0 type=1 insize=7990 outsize=6 kw=DIRECTIONAL SHADOWS_OFF LIGHTMAP_OFF DIRLIGHTMAP_OFF DYNAMICLIGHTMAP_OFF ok=1
Cmd: compileSnippet
  api=0 type=0 insize=5293 outsize=3452 kw=POINT ok=1
Cmd: compileSnippet
  api=0 type=1 insize=5293 outsize=6 kw=POINT ok=1
Cmd: compileSnippet
  api=0 type=0 insize=4594 outsize=3698 kw= ok=1
Cmd: compileSnippet
  api=0 type=1 insize=4594 outsize=6 kw= ok=1
Cmd: compileSnippet
  api=0 type=0 insize=6879 outsize=2359 kw=DIRECTIONAL SHADOWS_OFF LIGHTMAP_OFF DIRLIGHTMAP_OFF DYNAMICLIGHTMAP_OFF ok=1
Cmd: compileSnippet
  api=0 type=1 insize=6879 outsize=6 kw=DIRECTIONAL SHADOWS_OFF LIGHTMAP_OFF DIRLIGHTMAP_OFF DYNAMICLIGHTMAP_OFF ok=1
Cmd: compileSnippet
  api=0 type=0 insize=3716 outsize=1851 kw=POINT ok=1
Cmd: compileSnippet
  api=0 type=1 insize=3716 outsize=6 kw=POINT ok=1
Cmd: compileSnippet
  api=0 type=0 insize=2874 outsize=965 kw= ok=1
Cmd: compileSnippet
  api=0 type=1 insize=2874 outsize=6 kw= ok=1
Cmd: compileSnippet
  api=0 type=0 insize=6044 outsize=2756 kw=LIGHTMAP_OFF DIRLIGHTMAP_OFF DYNAMICLIGHTMAP_OFF HDR_LIGHT_PREPASS_OFF ok=1
Cmd: compileSnippet
  api=0 type=1 insize=6044 outsize=6 kw=LIGHTMAP_OFF DIRLIGHTMAP_OFF DYNAMICLIGHTMAP_OFF HDR_LIGHT_PREPASS_OFF ok=1
Cmd: compileSnippet
  api=0 type=0 insize=5997 outsize=2706 kw=LIGHTMAP_OFF DIRLIGHTMAP_OFF DYNAMICLIGHTMAP_OFF HDR_LIGHT_PREPASS_OFF ok=1
Cmd: compileSnippet
  api=0 type=1 insize=5997 outsize=6 kw=LIGHTMAP_OFF DIRLIGHTMAP_OFF DYNAMICLIGHTMAP_OFF HDR_LIGHT_PREPASS_OFF ok=1
Cmd: compileSnippet
  api=0 type=0 insize=3065 outsize=2402 kw= ok=1
Cmd: compileSnippet
  api=0 type=1 insize=3065 outsize=6 kw= ok=1
Cmd: compileSnippet
  api=0 type=0 insize=9591 outsize=6366 kw=UNITY_COLORSPACE_GAMMA ok=1
Cmd: compileSnippet
  api=0 type=1 insize=9591 outsize=6 kw=UNITY_COLORSPACE_GAMMA ok=1
Cmd: compileSnippet
  api=0 type=0 insize=876 outsize=416 kw= ok=1
Cmd: compileSnippet
  api=0 type=1 insize=876 outsize=6 kw= ok=1
